[17/10/11 11:40:52.539][ INFO][com.agent.UpdateStatusReadyRunnable-27   ] - onApplicationEvent here01
[17/10/11 11:40:58.165][ INFO][com.agent.UpdateStatusNotReadyRunnable-27   ] - onApplicationEvent here01
[17/10/11 12:02:42.336][ INFO][com.filter.ApplicationListenerBean -39   ] - ContextClosedEvent start ###################
[17/10/11 12:02:42.337][ INFO][com.filter.ApplicationListenerBean -43   ] - contextDestroyed() called
[17/10/11 12:02:42.337][ INFO][com.filter.ApplicationListenerBean -50   ] - attempt to shutdown executor
[17/10/11 12:02:42.340][ INFO][com.filter.ApplicationListenerBean -62   ] - shutdown finished
[17/10/11 12:02:42.341][ INFO][com.filter.ApplicationListenerBean -67   ] - ContextClosedEvent end ###################
[17/10/11 12:02:46.942][ INFO][com.util.Util                      -65   ] - Util() start
[17/10/11 12:02:46.943][ INFO][com.util.Util                      -68   ] - Util - ChannelForSimulation version: v1.0.0
[17/10/11 12:02:46.943][ INFO][com.util.Util                      -69   ] - Util() end
[17/10/11 12:02:48.271][ INFO][com.spring.RabbitListenerRegister  -40   ] - IN configureRabbitListeners ends
[17/10/11 12:02:48.277][ INFO][com.filter.ApplicationListenerBean -26   ] - ContextRefreshedEvent start ###################
[17/10/11 12:02:48.278][ INFO][com.filter.ApplicationListenerBean -34   ] - ContextRefreshedEvent end ###################
[17/10/11 12:02:48.318][ INFO][com.bean.GetEntityTypeAsListCallable-47   ] - getEntityTypeAsList starts
[17/10/11 12:02:48.319][ INFO][com.bean.GetEntityTypeAsListCallable-56   ] - getEntityTypeAsList urlStr: http://localhost:8080/Info360WebAPI/RESTful/getEntityTypeAsList
[17/10/11 12:02:48.881][ INFO][com.bean.GetEntityTypeAsListCallable-63   ] - getEntityTypeAsList result: [{"dbid":1,"entityTypeID":"1","entityTypeName":"voice","entityDescription":"語音"},{"dbid":2,"entityTypeID":"2","entityTypeName":"webchat","entityDescription":"Webchat"},{"dbid":3,"entityTypeID":"3","entityTypeName":"wechat","entityDescription":"WeChat"},{"dbid":4,"entityTypeID":"4","entityTypeName":"line","entityDescription":"Line"},{"dbid":5,"entityTypeID":"5","entityTypeName":"fb","entityDescription":"Facebook"},{"dbid":6,"entityTypeID":"6","entityTypeName":"email","entityDescription":"電子信箱"},{"dbid":7,"entityTypeID":"7","entityTypeName":"fax","entityDescription":"傳真"},{"dbid":8,"entityTypeID":"8","entityTypeName":"robot","entityDescription":"機器人"}]
[17/10/11 12:02:48.882][ INFO][com.bean.GetEntityTypeAsListCallable-65   ] - getEntityTypeAsList ends
[17/10/11 12:08:28.553][ INFO][com.agent.UpdateStatusReadyRunnable-27   ] - onApplicationEvent here01
[17/10/11 12:08:29.753][ INFO][com.agent.UpdateStatusNotReadyRunnable-27   ] - onApplicationEvent here01
[17/10/12 09:13:41.312][ INFO][com.filter.ApplicationListenerBean -39   ] - ContextClosedEvent start ###################
[17/10/12 09:13:41.312][ INFO][com.filter.ApplicationListenerBean -43   ] - contextDestroyed() called
[17/10/12 09:13:41.312][ INFO][com.filter.ApplicationListenerBean -50   ] - attempt to shutdown executor
[17/10/12 09:13:41.312][ INFO][com.filter.ApplicationListenerBean -62   ] - shutdown finished
[17/10/12 09:13:41.312][ INFO][com.filter.ApplicationListenerBean -67   ] - ContextClosedEvent end ###################
[17/10/12 09:13:53.413][ INFO][com.util.Util                      -65   ] - Util() start
[17/10/12 09:13:53.413][ INFO][com.util.Util                      -68   ] - Util - ChannelForSimulation version: v1.0.0
[17/10/12 09:13:53.414][ INFO][com.util.Util                      -69   ] - Util() end
[17/10/12 09:13:54.142][ INFO][com.spring.RabbitListenerRegister  -40   ] - IN configureRabbitListeners ends
[17/10/12 09:13:54.147][ INFO][com.filter.ApplicationListenerBean -26   ] - ContextRefreshedEvent start ###################
[17/10/12 09:13:54.149][ INFO][com.bean.GetEntityTypeAsListCallable-47   ] - getEntityTypeAsList starts
[17/10/12 09:13:54.150][ INFO][com.bean.GetEntityTypeAsListCallable-56   ] - getEntityTypeAsList urlStr: http:://192.168.10.132:8080/Info360WebAPI/RESTful/getEntityTypeAsList
[17/10/12 09:13:54.152][ INFO][com.filter.ApplicationListenerBean -34   ] - ContextRefreshedEvent end ###################
[17/10/12 09:13:54.153][ INFO][com.util.Util                      -247  ] - sendHttpPostRequest start input - Exception: java.lang.IllegalArgumentException: protocol = http host = null
	at sun.net.spi.DefaultProxySelector.select(DefaultProxySelector.java:176)
	at sun.net.www.protocol.http.HttpURLConnection.plainConnect0(HttpURLConnection.java:1132)
	at sun.net.www.protocol.http.HttpURLConnection.plainConnect(HttpURLConnection.java:1032)
	at sun.net.www.protocol.http.HttpURLConnection.connect(HttpURLConnection.java:966)
	at sun.net.www.protocol.http.HttpURLConnection.getOutputStream0(HttpURLConnection.java:1316)
	at sun.net.www.protocol.http.HttpURLConnection.getOutputStream(HttpURLConnection.java:1291)
	at com.util.Util.sendHttpPostRequest(Util.java:223)
	at com.bean.GetEntityTypeAsListCallable.getEntityTypeAsList(GetEntityTypeAsListCallable.java:61)
	at com.bean.GetEntityTypeAsListCallable.call(GetEntityTypeAsListCallable.java:21)
	at java.util.concurrent.FutureTask.run(FutureTask.java:266)
	at java.util.concurrent.ScheduledThreadPoolExecutor$ScheduledFutureTask.access$201(ScheduledThreadPoolExecutor.java:180)
	at java.util.concurrent.ScheduledThreadPoolExecutor$ScheduledFutureTask.run(ScheduledThreadPoolExecutor.java:293)
	at java.util.concurrent.ThreadPoolExecutor.runWorker(ThreadPoolExecutor.java:1142)
	at java.util.concurrent.ThreadPoolExecutor$Worker.run(ThreadPoolExecutor.java:617)
	at java.lang.Thread.run(Thread.java:745)

[17/10/12 09:13:54.154][ INFO][com.bean.GetEntityTypeAsListCallable-63   ] - getEntityTypeAsList result: 
[17/10/12 09:13:54.154][ INFO][com.bean.GetEntityTypeAsListCallable-65   ] - getEntityTypeAsList ends
[17/10/12 16:35:18.865][ INFO][com.util.Util                      -65   ] - Util() start
[17/10/12 16:35:18.873][ INFO][com.util.Util                      -68   ] - Util - ChannelForSimulation version: v1.0.0
[17/10/12 16:35:18.874][ INFO][com.util.Util                      -69   ] - Util() end
[17/10/12 16:35:22.436][ INFO][com.spring.RabbitListenerRegister  -40   ] - IN configureRabbitListeners ends
[17/10/12 16:35:22.463][ INFO][com.filter.ApplicationListenerBean -26   ] - ContextRefreshedEvent start ###################
[17/10/12 16:35:22.468][ INFO][com.filter.ApplicationListenerBean -34   ] - ContextRefreshedEvent end ###################
[17/10/12 16:35:22.543][ INFO][com.bean.GetEntityTypeAsListCallable-47   ] - getEntityTypeAsList starts
[17/10/12 16:35:22.584][ INFO][com.bean.GetEntityTypeAsListCallable-56   ] - getEntityTypeAsList urlStr: http:://localhost:8080/Info360WebAPI/RESTful/getEntityTypeAsList
[17/10/12 16:35:22.710][ INFO][com.util.Util                      -247  ] - sendHttpPostRequest start input - Exception: java.lang.IllegalArgumentException: protocol = http host = null
	at sun.net.spi.DefaultProxySelector.select(DefaultProxySelector.java:176)
	at sun.net.www.protocol.http.HttpURLConnection.plainConnect0(HttpURLConnection.java:1132)
	at sun.net.www.protocol.http.HttpURLConnection.plainConnect(HttpURLConnection.java:1032)
	at sun.net.www.protocol.http.HttpURLConnection.connect(HttpURLConnection.java:966)
	at sun.net.www.protocol.http.HttpURLConnection.getOutputStream0(HttpURLConnection.java:1316)
	at sun.net.www.protocol.http.HttpURLConnection.getOutputStream(HttpURLConnection.java:1291)
	at com.util.Util.sendHttpPostRequest(Util.java:223)
	at com.bean.GetEntityTypeAsListCallable.getEntityTypeAsList(GetEntityTypeAsListCallable.java:61)
	at com.bean.GetEntityTypeAsListCallable.call(GetEntityTypeAsListCallable.java:21)
	at java.util.concurrent.FutureTask.run(FutureTask.java:266)
	at java.util.concurrent.ScheduledThreadPoolExecutor$ScheduledFutureTask.access$201(ScheduledThreadPoolExecutor.java:180)
	at java.util.concurrent.ScheduledThreadPoolExecutor$ScheduledFutureTask.run(ScheduledThreadPoolExecutor.java:293)
	at java.util.concurrent.ThreadPoolExecutor.runWorker(ThreadPoolExecutor.java:1142)
	at java.util.concurrent.ThreadPoolExecutor$Worker.run(ThreadPoolExecutor.java:617)
	at java.lang.Thread.run(Thread.java:745)

[17/10/12 16:35:22.712][ INFO][com.bean.GetEntityTypeAsListCallable-63   ] - getEntityTypeAsList result: 
[17/10/12 16:35:22.712][ INFO][com.bean.GetEntityTypeAsListCallable-65   ] - getEntityTypeAsList ends
[17/10/12 16:35:53.296][ INFO][com.util.Util                      -65   ] - Util() start
[17/10/12 16:35:53.296][ INFO][com.util.Util                      -68   ] - Util - ChannelForSimulation version: v1.0.0
[17/10/12 16:35:53.296][ INFO][com.util.Util                      -69   ] - Util() end
[17/10/12 16:35:55.346][ INFO][com.spring.RabbitListenerRegister  -40   ] - IN configureRabbitListeners ends
[17/10/12 16:35:55.375][ INFO][com.filter.ApplicationListenerBean -26   ] - ContextRefreshedEvent start ###################
[17/10/12 16:35:55.377][ INFO][com.filter.ApplicationListenerBean -34   ] - ContextRefreshedEvent end ###################
[17/10/12 16:35:55.380][ INFO][com.bean.GetEntityTypeAsListCallable-47   ] - getEntityTypeAsList starts
[17/10/12 16:35:55.387][ INFO][com.bean.GetEntityTypeAsListCallable-56   ] - getEntityTypeAsList urlStr: http:://localhost:8080/Info360WebAPI/RESTful/getEntityTypeAsList
[17/10/12 16:35:55.417][ INFO][com.util.Util                      -247  ] - sendHttpPostRequest start input - Exception: java.lang.IllegalArgumentException: protocol = http host = null
	at sun.net.spi.DefaultProxySelector.select(DefaultProxySelector.java:176)
	at sun.net.www.protocol.http.HttpURLConnection.plainConnect0(HttpURLConnection.java:1132)
	at sun.net.www.protocol.http.HttpURLConnection.plainConnect(HttpURLConnection.java:1032)
	at sun.net.www.protocol.http.HttpURLConnection.connect(HttpURLConnection.java:966)
	at sun.net.www.protocol.http.HttpURLConnection.getOutputStream0(HttpURLConnection.java:1316)
	at sun.net.www.protocol.http.HttpURLConnection.getOutputStream(HttpURLConnection.java:1291)
	at com.util.Util.sendHttpPostRequest(Util.java:223)
	at com.bean.GetEntityTypeAsListCallable.getEntityTypeAsList(GetEntityTypeAsListCallable.java:61)
	at com.bean.GetEntityTypeAsListCallable.call(GetEntityTypeAsListCallable.java:21)
	at java.util.concurrent.FutureTask.run(FutureTask.java:266)
	at java.util.concurrent.ScheduledThreadPoolExecutor$ScheduledFutureTask.access$201(ScheduledThreadPoolExecutor.java:180)
	at java.util.concurrent.ScheduledThreadPoolExecutor$ScheduledFutureTask.run(ScheduledThreadPoolExecutor.java:293)
	at java.util.concurrent.ThreadPoolExecutor.runWorker(ThreadPoolExecutor.java:1142)
	at java.util.concurrent.ThreadPoolExecutor$Worker.run(ThreadPoolExecutor.java:617)
	at java.lang.Thread.run(Thread.java:745)

[17/10/12 16:35:55.419][ INFO][com.bean.GetEntityTypeAsListCallable-63   ] - getEntityTypeAsList result: 
[17/10/12 16:35:55.419][ INFO][com.bean.GetEntityTypeAsListCallable-65   ] - getEntityTypeAsList ends
[17/10/12 16:36:35.080][ INFO][com.filter.ApplicationListenerBean -39   ] - ContextClosedEvent start ###################
[17/10/12 16:36:35.082][ INFO][com.filter.ApplicationListenerBean -43   ] - contextDestroyed() called
[17/10/12 16:36:35.083][ INFO][com.filter.ApplicationListenerBean -50   ] - attempt to shutdown executor
[17/10/12 16:36:35.085][ INFO][com.filter.ApplicationListenerBean -62   ] - shutdown finished
[17/10/12 16:36:35.086][ INFO][com.filter.ApplicationListenerBean -67   ] - ContextClosedEvent end ###################
[17/10/12 16:36:49.988][ INFO][com.util.Util                      -65   ] - Util() start
[17/10/12 16:36:49.989][ INFO][com.util.Util                      -68   ] - Util - ChannelForSimulation version: v1.0.0
[17/10/12 16:36:49.989][ INFO][com.util.Util                      -69   ] - Util() end
[17/10/12 16:36:53.315][ INFO][com.spring.RabbitListenerRegister  -40   ] - IN configureRabbitListeners ends
[17/10/12 16:36:53.339][ INFO][com.filter.ApplicationListenerBean -26   ] - ContextRefreshedEvent start ###################
[17/10/12 16:36:53.341][ INFO][com.filter.ApplicationListenerBean -34   ] - ContextRefreshedEvent end ###################
[17/10/12 16:36:53.360][ INFO][com.bean.GetEntityTypeAsListCallable-47   ] - getEntityTypeAsList starts
[17/10/12 16:36:53.382][ INFO][com.bean.GetEntityTypeAsListCallable-56   ] - getEntityTypeAsList urlStr: http://localhost:8080/Info360WebAPI/RESTful/getEntityTypeAsList
[17/10/12 16:36:55.372][ INFO][com.bean.GetEntityTypeAsListCallable-63   ] - getEntityTypeAsList result: [{"dbid":1,"entityTypeID":"1","entityTypeName":"voice","entityDescription":"語音"},{"dbid":2,"entityTypeID":"2","entityTypeName":"webchat","entityDescription":"Webchat"},{"dbid":3,"entityTypeID":"3","entityTypeName":"wechat","entityDescription":"WeChat"},{"dbid":4,"entityTypeID":"4","entityTypeName":"line","entityDescription":"Line"},{"dbid":5,"entityTypeID":"5","entityTypeName":"fb","entityDescription":"Facebook"},{"dbid":6,"entityTypeID":"6","entityTypeName":"email","entityDescription":"電子信箱"},{"dbid":7,"entityTypeID":"7","entityTypeName":"fax","entityDescription":"傳真"},{"dbid":8,"entityTypeID":"8","entityTypeName":"robot","entityDescription":"機器人"}]
[17/10/12 16:36:55.372][ INFO][com.bean.GetEntityTypeAsListCallable-65   ] - getEntityTypeAsList ends
[17/10/12 16:37:00.029][ INFO][com.agent.UpdateStatusReadyRunnable-27   ] - onApplicationEvent here01
[17/10/12 16:37:01.447][ INFO][com.agent.UpdateStatusNotReadyRunnable-27   ] - onApplicationEvent here01
[17/10/12 16:37:09.595][ INFO][com.client.ClientLoginRunnable     -48   ] - searchUserdataNew urlStr: http://localhost:8080/Info360WebAPI/RESTful/searchUserdataNew
[17/10/12 16:37:10.366][ INFO][com.client.ClientLoginRunnable     -55   ] - searchUserdataNew result: {"mapping":{"Message":{"phone":{"displayName":"電話","dbid":"22","sort":"1","defaultName":"phone"},"contactID":{"displayName":"contactID","dbid":"24","defaultName":"contactID"},"name":{"displayName":"姓名","dbid":"23","sort":"2","defaultName":"name"},"id":{"displayName":"身分證字號","dbid":"21","sort":"0","defaultName":"id"}}},"CustomerData":[{"phone":"0921888219","contactid":"2eb9b90e-ee81-4ccd-be9a-b6fa43cc7fd4","name":"李伯夷","callnoticeList":"[{\"data\":\"此客戶態度良好\",\"contactID\":\"2eb9b90e-ee81-4ccd-be9a-b6fa43cc7fd4\",\"dbid\":1,\"tenantID\":\"3\",\"typeID\":\"2\",\"createDate\":\"2017-09-25 23:37:17.0\"},{\"data\":\"此客戶態度真的很好\",\"contactID\":\"2eb9b90e-ee81-4ccd-be9a-b6fa43cc7fd4\",\"dbid\":2,\"tenantID\":\"3\",\"typeID\":\"2\",\"createDate\":\"2017-09-26 11:38:38.0\"}]","id":"A123456789"}],"tenantID":"3","typeID":"2"}
[17/10/12 16:37:10.367][ INFO][com.util.Util                      -107  ] - getGJsonArray getGJsonArray
[17/10/12 16:37:10.367][ INFO][com.util.Util                      -108  ] - getGJsonArray input aObj: {"mapping":{"Message":{"phone":{"displayName":"電話","dbid":"22","sort":"1","defaultName":"phone"},"contactID":{"displayName":"contactID","dbid":"24","defaultName":"contactID"},"name":{"displayName":"姓名","dbid":"23","sort":"2","defaultName":"name"},"id":{"displayName":"身分證字號","dbid":"21","sort":"0","defaultName":"id"}}},"CustomerData":[{"phone":"0921888219","contactid":"2eb9b90e-ee81-4ccd-be9a-b6fa43cc7fd4","name":"李伯夷","callnoticeList":"[{\"data\":\"此客戶態度良好\",\"contactID\":\"2eb9b90e-ee81-4ccd-be9a-b6fa43cc7fd4\",\"dbid\":1,\"tenantID\":\"3\",\"typeID\":\"2\",\"createDate\":\"2017-09-25 23:37:17.0\"},{\"data\":\"此客戶態度真的很好\",\"contactID\":\"2eb9b90e-ee81-4ccd-be9a-b6fa43cc7fd4\",\"dbid\":2,\"tenantID\":\"3\",\"typeID\":\"2\",\"createDate\":\"2017-09-26 11:38:38.0\"}]","id":"A123456789"}],"tenantID":"3","typeID":"2"}
[17/10/12 16:37:10.368][ INFO][com.util.Util                      -109  ] - getGJsonArray input aKey: CustomerData
[17/10/12 16:37:10.368][ INFO][com.util.Util                      -111  ] - getGJsonArray jsonElmt: [{"phone":"0921888219","contactid":"2eb9b90e-ee81-4ccd-be9a-b6fa43cc7fd4","name":"李伯夷","callnoticeList":"[{\"data\":\"此客戶態度良好\",\"contactID\":\"2eb9b90e-ee81-4ccd-be9a-b6fa43cc7fd4\",\"dbid\":1,\"tenantID\":\"3\",\"typeID\":\"2\",\"createDate\":\"2017-09-25 23:37:17.0\"},{\"data\":\"此客戶態度真的很好\",\"contactID\":\"2eb9b90e-ee81-4ccd-be9a-b6fa43cc7fd4\",\"dbid\":2,\"tenantID\":\"3\",\"typeID\":\"2\",\"createDate\":\"2017-09-26 11:38:38.0\"}]","id":"A123456789"}]
[17/10/12 16:37:10.368][ INFO][com.client.ClientLoginRunnable     -65   ] - searchUserdataNew - contactID: 2eb9b90e-ee81-4ccd-be9a-b6fa43cc7fd4
[17/10/12 16:37:10.486][ INFO][com.client.ClientLoginRunnable     -89   ] - entryLogResult result: {"callID":"cdad9803-879d-431c-b2ce-8ed24a0e69fb"}
[17/10/12 16:37:10.487][ INFO][com.client.ClientLoginRunnable     -93   ] - processRequest - getClickResponse entryLogResultJson: {"callID":"cdad9803-879d-431c-b2ce-8ed24a0e69fb"}
[17/10/12 16:39:35.014][ INFO][com.client.ClientLoginRunnable     -48   ] - searchUserdataNew urlStr: http://localhost:8080/Info360WebAPI/RESTful/searchUserdataNew
[17/10/12 16:39:35.029][ INFO][com.util.Util                      -243  ] - sendHttpPostRequest start input - IOException: java.io.FileNotFoundException: http://localhost:8080/Info360WebAPI/RESTful/searchUserdataNew
	at sun.net.www.protocol.http.HttpURLConnection.getInputStream0(HttpURLConnection.java:1872)
	at sun.net.www.protocol.http.HttpURLConnection.getInputStream(HttpURLConnection.java:1474)
	at com.util.Util.sendHttpPostRequest(Util.java:230)
	at com.client.ClientLoginRunnable.run(ClientLoginRunnable.java:53)
	at java.util.concurrent.Executors$RunnableAdapter.call(Executors.java:511)
	at java.util.concurrent.FutureTask.run(FutureTask.java:266)
	at java.util.concurrent.ScheduledThreadPoolExecutor$ScheduledFutureTask.access$201(ScheduledThreadPoolExecutor.java:180)
	at java.util.concurrent.ScheduledThreadPoolExecutor$ScheduledFutureTask.run(ScheduledThreadPoolExecutor.java:293)
	at java.util.concurrent.ThreadPoolExecutor.runWorker(ThreadPoolExecutor.java:1142)
	at java.util.concurrent.ThreadPoolExecutor$Worker.run(ThreadPoolExecutor.java:617)
	at java.lang.Thread.run(Thread.java:745)

[17/10/12 16:39:35.030][ INFO][com.client.ClientLoginRunnable     -55   ] - searchUserdataNew result: 
[17/10/12 16:39:35.030][ INFO][com.util.Util                      -107  ] - getGJsonArray getGJsonArray
[17/10/12 16:39:35.030][ INFO][com.util.Util                      -108  ] - getGJsonArray input aObj: null
[17/10/12 16:39:35.031][ INFO][com.util.Util                      -109  ] - getGJsonArray input aKey: CustomerData
[17/10/12 16:42:48.867][ INFO][com.filter.ApplicationListenerBean -39   ] - ContextClosedEvent start ###################
[17/10/12 16:42:48.867][ INFO][com.filter.ApplicationListenerBean -43   ] - contextDestroyed() called
[17/10/12 16:42:48.867][ INFO][com.filter.ApplicationListenerBean -50   ] - attempt to shutdown executor
[17/10/12 16:42:48.873][ INFO][com.filter.ApplicationListenerBean -62   ] - shutdown finished
[17/10/12 16:42:48.873][ INFO][com.filter.ApplicationListenerBean -67   ] - ContextClosedEvent end ###################
[17/10/12 16:42:52.274][ INFO][com.util.Util                      -65   ] - Util() start
[17/10/12 16:42:52.274][ INFO][com.util.Util                      -68   ] - Util - ChannelForSimulation version: v1.0.0
[17/10/12 16:42:52.274][ INFO][com.util.Util                      -69   ] - Util() end
[17/10/12 16:42:53.048][ INFO][com.spring.RabbitListenerRegister  -40   ] - IN configureRabbitListeners ends
[17/10/12 16:42:53.053][ INFO][com.filter.ApplicationListenerBean -26   ] - ContextRefreshedEvent start ###################
[17/10/12 16:42:53.055][ INFO][com.filter.ApplicationListenerBean -34   ] - ContextRefreshedEvent end ###################
[17/10/12 16:42:53.058][ INFO][com.bean.GetEntityTypeAsListCallable-47   ] - getEntityTypeAsList starts
[17/10/12 16:42:53.060][ INFO][com.bean.GetEntityTypeAsListCallable-56   ] - getEntityTypeAsList urlStr: http://localhost:8080/Info360WebAPI/RESTful/getEntityTypeAsList
[17/10/12 16:42:53.069][ INFO][com.util.Util                      -243  ] - sendHttpPostRequest start input - IOException: java.io.FileNotFoundException: http://localhost:8080/Info360WebAPI/RESTful/getEntityTypeAsList
	at sun.net.www.protocol.http.HttpURLConnection.getInputStream0(HttpURLConnection.java:1872)
	at sun.net.www.protocol.http.HttpURLConnection.getInputStream(HttpURLConnection.java:1474)
	at com.util.Util.sendHttpPostRequest(Util.java:230)
	at com.bean.GetEntityTypeAsListCallable.getEntityTypeAsList(GetEntityTypeAsListCallable.java:61)
	at com.bean.GetEntityTypeAsListCallable.call(GetEntityTypeAsListCallable.java:21)
	at java.util.concurrent.FutureTask.run(FutureTask.java:266)
	at java.util.concurrent.ScheduledThreadPoolExecutor$ScheduledFutureTask.access$201(ScheduledThreadPoolExecutor.java:180)
	at java.util.concurrent.ScheduledThreadPoolExecutor$ScheduledFutureTask.run(ScheduledThreadPoolExecutor.java:293)
	at java.util.concurrent.ThreadPoolExecutor.runWorker(ThreadPoolExecutor.java:1142)
	at java.util.concurrent.ThreadPoolExecutor$Worker.run(ThreadPoolExecutor.java:617)
	at java.lang.Thread.run(Thread.java:745)

[17/10/12 16:42:53.070][ INFO][com.bean.GetEntityTypeAsListCallable-63   ] - getEntityTypeAsList result: 
[17/10/12 16:42:53.070][ INFO][com.bean.GetEntityTypeAsListCallable-65   ] - getEntityTypeAsList ends
[17/10/12 16:43:02.429][ INFO][com.filter.ApplicationListenerBean -39   ] - ContextClosedEvent start ###################
[17/10/12 16:43:02.429][ INFO][com.filter.ApplicationListenerBean -43   ] - contextDestroyed() called
[17/10/12 16:43:02.429][ INFO][com.filter.ApplicationListenerBean -50   ] - attempt to shutdown executor
[17/10/12 16:43:02.430][ INFO][com.filter.ApplicationListenerBean -62   ] - shutdown finished
[17/10/12 16:43:02.431][ INFO][com.filter.ApplicationListenerBean -67   ] - ContextClosedEvent end ###################
[17/10/12 16:43:04.877][ INFO][com.util.Util                      -65   ] - Util() start
[17/10/12 16:43:04.878][ INFO][com.util.Util                      -68   ] - Util - ChannelForSimulation version: v1.0.0
[17/10/12 16:43:04.878][ INFO][com.util.Util                      -69   ] - Util() end
[17/10/12 16:43:05.614][ INFO][com.spring.RabbitListenerRegister  -40   ] - IN configureRabbitListeners ends
[17/10/12 16:43:05.619][ INFO][com.filter.ApplicationListenerBean -26   ] - ContextRefreshedEvent start ###################
[17/10/12 16:43:05.623][ INFO][com.filter.ApplicationListenerBean -34   ] - ContextRefreshedEvent end ###################
[17/10/12 16:43:05.666][ INFO][com.bean.GetEntityTypeAsListCallable-47   ] - getEntityTypeAsList starts
[17/10/12 16:43:05.667][ INFO][com.bean.GetEntityTypeAsListCallable-56   ] - getEntityTypeAsList urlStr: http://localhost:8080/Info360WebAPI/RESTful/getEntityTypeAsList
[17/10/12 16:43:05.680][ INFO][com.util.Util                      -243  ] - sendHttpPostRequest start input - IOException: java.io.FileNotFoundException: http://localhost:8080/Info360WebAPI/RESTful/getEntityTypeAsList
	at sun.net.www.protocol.http.HttpURLConnection.getInputStream0(HttpURLConnection.java:1872)
	at sun.net.www.protocol.http.HttpURLConnection.getInputStream(HttpURLConnection.java:1474)
	at com.util.Util.sendHttpPostRequest(Util.java:230)
	at com.bean.GetEntityTypeAsListCallable.getEntityTypeAsList(GetEntityTypeAsListCallable.java:61)
	at com.bean.GetEntityTypeAsListCallable.call(GetEntityTypeAsListCallable.java:21)
	at java.util.concurrent.FutureTask.run(FutureTask.java:266)
	at java.util.concurrent.ScheduledThreadPoolExecutor$ScheduledFutureTask.access$201(ScheduledThreadPoolExecutor.java:180)
	at java.util.concurrent.ScheduledThreadPoolExecutor$ScheduledFutureTask.run(ScheduledThreadPoolExecutor.java:293)
	at java.util.concurrent.ThreadPoolExecutor.runWorker(ThreadPoolExecutor.java:1142)
	at java.util.concurrent.ThreadPoolExecutor$Worker.run(ThreadPoolExecutor.java:617)
	at java.lang.Thread.run(Thread.java:745)

[17/10/12 16:43:05.681][ INFO][com.bean.GetEntityTypeAsListCallable-63   ] - getEntityTypeAsList result: 
[17/10/12 16:43:05.681][ INFO][com.bean.GetEntityTypeAsListCallable-65   ] - getEntityTypeAsList ends
[17/10/12 16:43:08.857][ INFO][com.filter.ApplicationListenerBean -39   ] - ContextClosedEvent start ###################
[17/10/12 16:43:08.857][ INFO][com.filter.ApplicationListenerBean -43   ] - contextDestroyed() called
[17/10/12 16:43:08.857][ INFO][com.filter.ApplicationListenerBean -50   ] - attempt to shutdown executor
[17/10/12 16:43:08.858][ INFO][com.filter.ApplicationListenerBean -62   ] - shutdown finished
[17/10/12 16:43:08.859][ INFO][com.filter.ApplicationListenerBean -67   ] - ContextClosedEvent end ###################
[17/10/12 16:43:10.482][ INFO][com.util.Util                      -65   ] - Util() start
[17/10/12 16:43:10.482][ INFO][com.util.Util                      -68   ] - Util - ChannelForSimulation version: v1.0.0
[17/10/12 16:43:10.482][ INFO][com.util.Util                      -69   ] - Util() end
[17/10/12 16:43:10.988][ INFO][com.spring.RabbitListenerRegister  -40   ] - IN configureRabbitListeners ends
[17/10/12 16:43:10.990][ INFO][com.filter.ApplicationListenerBean -26   ] - ContextRefreshedEvent start ###################
[17/10/12 16:43:10.991][ INFO][com.filter.ApplicationListenerBean -34   ] - ContextRefreshedEvent end ###################
[17/10/12 16:43:10.994][ INFO][com.bean.GetEntityTypeAsListCallable-47   ] - getEntityTypeAsList starts
[17/10/12 16:43:10.995][ INFO][com.bean.GetEntityTypeAsListCallable-56   ] - getEntityTypeAsList urlStr: http://localhost:8080/Info360WebAPI/RESTful/getEntityTypeAsList
[17/10/12 16:43:11.017][ INFO][com.util.Util                      -243  ] - sendHttpPostRequest start input - IOException: java.io.FileNotFoundException: http://localhost:8080/Info360WebAPI/RESTful/getEntityTypeAsList
	at sun.net.www.protocol.http.HttpURLConnection.getInputStream0(HttpURLConnection.java:1872)
	at sun.net.www.protocol.http.HttpURLConnection.getInputStream(HttpURLConnection.java:1474)
	at com.util.Util.sendHttpPostRequest(Util.java:230)
	at com.bean.GetEntityTypeAsListCallable.getEntityTypeAsList(GetEntityTypeAsListCallable.java:61)
	at com.bean.GetEntityTypeAsListCallable.call(GetEntityTypeAsListCallable.java:21)
	at java.util.concurrent.FutureTask.run(FutureTask.java:266)
	at java.util.concurrent.ScheduledThreadPoolExecutor$ScheduledFutureTask.access$201(ScheduledThreadPoolExecutor.java:180)
	at java.util.concurrent.ScheduledThreadPoolExecutor$ScheduledFutureTask.run(ScheduledThreadPoolExecutor.java:293)
	at java.util.concurrent.ThreadPoolExecutor.runWorker(ThreadPoolExecutor.java:1142)
	at java.util.concurrent.ThreadPoolExecutor$Worker.run(ThreadPoolExecutor.java:617)
	at java.lang.Thread.run(Thread.java:745)

[17/10/12 16:43:11.018][ INFO][com.bean.GetEntityTypeAsListCallable-63   ] - getEntityTypeAsList result: 
[17/10/12 16:43:11.018][ INFO][com.bean.GetEntityTypeAsListCallable-65   ] - getEntityTypeAsList ends
[17/10/12 16:44:37.351][ INFO][com.util.Util                      -65   ] - Util() start
[17/10/12 16:44:37.352][ INFO][com.util.Util                      -68   ] - Util - ChannelForSimulation version: v1.0.0
[17/10/12 16:44:37.353][ INFO][com.util.Util                      -69   ] - Util() end
[17/10/12 16:44:38.906][ INFO][com.spring.RabbitListenerRegister  -40   ] - IN configureRabbitListeners ends
[17/10/12 16:44:38.922][ INFO][com.filter.ApplicationListenerBean -26   ] - ContextRefreshedEvent start ###################
[17/10/12 16:44:38.924][ INFO][com.filter.ApplicationListenerBean -34   ] - ContextRefreshedEvent end ###################
[17/10/12 16:44:38.934][ INFO][com.bean.GetEntityTypeAsListCallable-47   ] - getEntityTypeAsList starts
[17/10/12 16:44:38.936][ INFO][com.bean.GetEntityTypeAsListCallable-56   ] - getEntityTypeAsList urlStr: http://localhost:8080/Info360WebAPI/RESTful/getEntityTypeAsList
[17/10/12 16:44:39.158][ INFO][com.bean.GetEntityTypeAsListCallable-63   ] - getEntityTypeAsList result: [{"dbid":1,"entityTypeID":"1","entityTypeName":"voice","entityDescription":"語音"},{"dbid":2,"entityTypeID":"2","entityTypeName":"webchat","entityDescription":"Webchat"},{"dbid":3,"entityTypeID":"3","entityTypeName":"wechat","entityDescription":"WeChat"},{"dbid":4,"entityTypeID":"4","entityTypeName":"line","entityDescription":"Line"},{"dbid":5,"entityTypeID":"5","entityTypeName":"fb","entityDescription":"Facebook"},{"dbid":6,"entityTypeID":"6","entityTypeName":"email","entityDescription":"電子信箱"},{"dbid":7,"entityTypeID":"7","entityTypeName":"fax","entityDescription":"傳真"},{"dbid":8,"entityTypeID":"8","entityTypeName":"robot","entityDescription":"機器人"}]
[17/10/12 16:44:39.159][ INFO][com.bean.GetEntityTypeAsListCallable-65   ] - getEntityTypeAsList ends
[17/10/12 16:45:13.653][ INFO][com.agent.UpdateStatusReadyRunnable-27   ] - onApplicationEvent here01
[17/10/12 16:45:25.479][ INFO][com.agent.UpdateStatusReadyRunnable-27   ] - onApplicationEvent here01
[17/10/12 16:46:08.692][ INFO][com.util.Util                      -65   ] - Util() start
[17/10/12 16:46:08.695][ INFO][com.util.Util                      -68   ] - Util - ChannelForSimulation version: v1.0.0
[17/10/12 16:46:08.695][ INFO][com.util.Util                      -69   ] - Util() end
[17/10/12 16:46:10.517][ INFO][com.spring.RabbitListenerRegister  -40   ] - IN configureRabbitListeners ends
[17/10/12 16:46:10.533][ INFO][com.filter.ApplicationListenerBean -26   ] - ContextRefreshedEvent start ###################
[17/10/12 16:46:10.535][ INFO][com.filter.ApplicationListenerBean -34   ] - ContextRefreshedEvent end ###################
[17/10/12 16:46:10.542][ INFO][com.bean.GetEntityTypeAsListCallable-47   ] - getEntityTypeAsList starts
[17/10/12 16:46:10.544][ INFO][com.bean.GetEntityTypeAsListCallable-56   ] - getEntityTypeAsList urlStr: http:://192.168.10.132:8080/Info360WebAPI/RESTful/getEntityTypeAsList
[17/10/12 16:46:10.579][ INFO][com.util.Util                      -247  ] - sendHttpPostRequest start input - Exception: java.lang.IllegalArgumentException: protocol = http host = null
	at sun.net.spi.DefaultProxySelector.select(DefaultProxySelector.java:176)
	at sun.net.www.protocol.http.HttpURLConnection.plainConnect0(HttpURLConnection.java:1132)
	at sun.net.www.protocol.http.HttpURLConnection.plainConnect(HttpURLConnection.java:1032)
	at sun.net.www.protocol.http.HttpURLConnection.connect(HttpURLConnection.java:966)
	at sun.net.www.protocol.http.HttpURLConnection.getOutputStream0(HttpURLConnection.java:1316)
	at sun.net.www.protocol.http.HttpURLConnection.getOutputStream(HttpURLConnection.java:1291)
	at com.util.Util.sendHttpPostRequest(Util.java:223)
	at com.bean.GetEntityTypeAsListCallable.getEntityTypeAsList(GetEntityTypeAsListCallable.java:61)
	at com.bean.GetEntityTypeAsListCallable.call(GetEntityTypeAsListCallable.java:21)
	at java.util.concurrent.FutureTask.run(FutureTask.java:266)
	at java.util.concurrent.ScheduledThreadPoolExecutor$ScheduledFutureTask.access$201(ScheduledThreadPoolExecutor.java:180)
	at java.util.concurrent.ScheduledThreadPoolExecutor$ScheduledFutureTask.run(ScheduledThreadPoolExecutor.java:293)
	at java.util.concurrent.ThreadPoolExecutor.runWorker(ThreadPoolExecutor.java:1142)
	at java.util.concurrent.ThreadPoolExecutor$Worker.run(ThreadPoolExecutor.java:617)
	at java.lang.Thread.run(Thread.java:745)

[17/10/12 16:46:10.580][ INFO][com.bean.GetEntityTypeAsListCallable-63   ] - getEntityTypeAsList result: 
[17/10/12 16:46:10.581][ INFO][com.bean.GetEntityTypeAsListCallable-65   ] - getEntityTypeAsList ends
[17/10/12 16:46:52.873][ INFO][com.util.Util                      -65   ] - Util() start
[17/10/12 16:46:52.874][ INFO][com.util.Util                      -68   ] - Util - ChannelForSimulation version: v1.0.0
[17/10/12 16:46:52.874][ INFO][com.util.Util                      -69   ] - Util() end
[17/10/12 16:46:54.998][ INFO][com.spring.RabbitListenerRegister  -40   ] - IN configureRabbitListeners ends
[17/10/12 16:46:55.014][ INFO][com.filter.ApplicationListenerBean -26   ] - ContextRefreshedEvent start ###################
[17/10/12 16:46:55.016][ INFO][com.filter.ApplicationListenerBean -34   ] - ContextRefreshedEvent end ###################
[17/10/12 16:46:55.042][ INFO][com.bean.GetEntityTypeAsListCallable-47   ] - getEntityTypeAsList starts
[17/10/12 16:46:55.044][ INFO][com.bean.GetEntityTypeAsListCallable-56   ] - getEntityTypeAsList urlStr: http:://192.168.10.132:8080/Info360WebAPI/RESTful/getEntityTypeAsList
[17/10/12 16:46:55.063][ INFO][com.util.Util                      -247  ] - sendHttpPostRequest start input - Exception: java.lang.IllegalArgumentException: protocol = http host = null
	at sun.net.spi.DefaultProxySelector.select(DefaultProxySelector.java:176)
	at sun.net.www.protocol.http.HttpURLConnection.plainConnect0(HttpURLConnection.java:1132)
	at sun.net.www.protocol.http.HttpURLConnection.plainConnect(HttpURLConnection.java:1032)
	at sun.net.www.protocol.http.HttpURLConnection.connect(HttpURLConnection.java:966)
	at sun.net.www.protocol.http.HttpURLConnection.getOutputStream0(HttpURLConnection.java:1316)
	at sun.net.www.protocol.http.HttpURLConnection.getOutputStream(HttpURLConnection.java:1291)
	at com.util.Util.sendHttpPostRequest(Util.java:223)
	at com.bean.GetEntityTypeAsListCallable.getEntityTypeAsList(GetEntityTypeAsListCallable.java:61)
	at com.bean.GetEntityTypeAsListCallable.call(GetEntityTypeAsListCallable.java:21)
	at java.util.concurrent.FutureTask.run(FutureTask.java:266)
	at java.util.concurrent.ScheduledThreadPoolExecutor$ScheduledFutureTask.access$201(ScheduledThreadPoolExecutor.java:180)
	at java.util.concurrent.ScheduledThreadPoolExecutor$ScheduledFutureTask.run(ScheduledThreadPoolExecutor.java:293)
	at java.util.concurrent.ThreadPoolExecutor.runWorker(ThreadPoolExecutor.java:1142)
	at java.util.concurrent.ThreadPoolExecutor$Worker.run(ThreadPoolExecutor.java:617)
	at java.lang.Thread.run(Thread.java:745)

[17/10/12 16:46:55.064][ INFO][com.bean.GetEntityTypeAsListCallable-63   ] - getEntityTypeAsList result: 
[17/10/12 16:46:55.065][ INFO][com.bean.GetEntityTypeAsListCallable-65   ] - getEntityTypeAsList ends
[17/10/12 16:47:20.113][ INFO][com.util.Util                      -65   ] - Util() start
[17/10/12 16:47:20.114][ INFO][com.util.Util                      -68   ] - Util - ChannelForSimulation version: v1.0.0
[17/10/12 16:47:20.115][ INFO][com.util.Util                      -69   ] - Util() end
[17/10/12 16:47:22.718][ INFO][com.spring.RabbitListenerRegister  -40   ] - IN configureRabbitListeners ends
[17/10/12 16:47:22.735][ INFO][com.filter.ApplicationListenerBean -26   ] - ContextRefreshedEvent start ###################
[17/10/12 16:47:22.741][ INFO][com.filter.ApplicationListenerBean -34   ] - ContextRefreshedEvent end ###################
[17/10/12 16:47:22.767][ INFO][com.bean.GetEntityTypeAsListCallable-47   ] - getEntityTypeAsList starts
[17/10/12 16:47:22.775][ INFO][com.bean.GetEntityTypeAsListCallable-56   ] - getEntityTypeAsList urlStr: http://192.168.10.132:8080/Info360WebAPI/RESTful/getEntityTypeAsList
[17/10/12 16:47:22.880][ INFO][com.bean.GetEntityTypeAsListCallable-63   ] - getEntityTypeAsList result: [{"dbid":1,"entityTypeID":"1","entityTypeName":"voice","entityDescription":"語音"},{"dbid":2,"entityTypeID":"2","entityTypeName":"webchat","entityDescription":"Webchat"},{"dbid":3,"entityTypeID":"3","entityTypeName":"wechat","entityDescription":"WeChat"},{"dbid":4,"entityTypeID":"4","entityTypeName":"line","entityDescription":"Line"},{"dbid":5,"entityTypeID":"5","entityTypeName":"fb","entityDescription":"Facebook"},{"dbid":6,"entityTypeID":"6","entityTypeName":"email","entityDescription":"電子信箱"},{"dbid":7,"entityTypeID":"7","entityTypeName":"fax","entityDescription":"傳真"},{"dbid":8,"entityTypeID":"8","entityTypeName":"robot","entityDescription":"機器人"}]
[17/10/12 16:47:22.881][ INFO][com.bean.GetEntityTypeAsListCallable-65   ] - getEntityTypeAsList ends
[17/10/12 16:47:33.188][ INFO][com.agent.UpdateStatusReadyRunnable-27   ] - onApplicationEvent here01
[17/10/12 16:47:34.328][ INFO][com.agent.UpdateStatusNotReadyRunnable-27   ] - onApplicationEvent here01
[17/10/12 16:47:37.223][ INFO][com.client.ClientLoginRunnable     -48   ] - searchUserdataNew urlStr: http://192.168.10.132:8080/Info360WebAPI/RESTful/searchUserdataNew
[17/10/12 16:47:37.583][ INFO][com.client.ClientLoginRunnable     -55   ] - searchUserdataNew result: {"mapping":{"Message":{}},"CustomerData":[{"phone":"","contactid":"6b4afc08-beda-425d-ba63-3c6563bb9559","callnoticeList":"[]","id":"A123456789","ivr2":"","ivr1":""}],"tenantID":"3","typeID":"2"}
[17/10/12 16:47:37.584][ INFO][com.util.Util                      -107  ] - getGJsonArray getGJsonArray
[17/10/12 16:47:37.584][ INFO][com.util.Util                      -108  ] - getGJsonArray input aObj: {"mapping":{"Message":{}},"CustomerData":[{"phone":"","contactid":"6b4afc08-beda-425d-ba63-3c6563bb9559","callnoticeList":"[]","id":"A123456789","ivr2":"","ivr1":""}],"tenantID":"3","typeID":"2"}
[17/10/12 16:47:37.584][ INFO][com.util.Util                      -109  ] - getGJsonArray input aKey: CustomerData
[17/10/12 16:47:37.585][ INFO][com.util.Util                      -111  ] - getGJsonArray jsonElmt: [{"phone":"","contactid":"6b4afc08-beda-425d-ba63-3c6563bb9559","callnoticeList":"[]","id":"A123456789","ivr2":"","ivr1":""}]
[17/10/12 16:47:37.585][ INFO][com.client.ClientLoginRunnable     -65   ] - searchUserdataNew - contactID: 6b4afc08-beda-425d-ba63-3c6563bb9559
[17/10/12 16:47:37.633][ INFO][com.client.ClientLoginRunnable     -89   ] - entryLogResult result: {"callID":"f37d14e5-fced-4cec-afa0-ceb06aa85dec"}
[17/10/12 16:47:37.634][ INFO][com.client.ClientLoginRunnable     -93   ] - processRequest - getClickResponse entryLogResultJson: {"callID":"f37d14e5-fced-4cec-afa0-ceb06aa85dec"}
[17/10/12 16:49:04.648][ INFO][com.agent.UpdateStatusReadyRunnable-27   ] - onApplicationEvent here01
[17/10/12 16:49:05.366][ INFO][com.agent.UpdateStatusNotReadyRunnable-27   ] - onApplicationEvent here01
[17/10/12 16:49:06.456][ INFO][com.client.ClientLoginRunnable     -48   ] - searchUserdataNew urlStr: http://192.168.10.132:8080/Info360WebAPI/RESTful/searchUserdataNew
[17/10/12 16:49:06.661][ INFO][com.client.ClientLoginRunnable     -55   ] - searchUserdataNew result: {"mapping":{"Message":{}},"CustomerData":[{"phone":"","contactid":"6b4afc08-beda-425d-ba63-3c6563bb9559","callnoticeList":"[]","id":"A123456789","ivr2":"","ivr1":""}],"tenantID":"3","typeID":"2"}
[17/10/12 16:49:06.661][ INFO][com.util.Util                      -107  ] - getGJsonArray getGJsonArray
[17/10/12 16:49:06.661][ INFO][com.util.Util                      -108  ] - getGJsonArray input aObj: {"mapping":{"Message":{}},"CustomerData":[{"phone":"","contactid":"6b4afc08-beda-425d-ba63-3c6563bb9559","callnoticeList":"[]","id":"A123456789","ivr2":"","ivr1":""}],"tenantID":"3","typeID":"2"}
[17/10/12 16:49:06.661][ INFO][com.util.Util                      -109  ] - getGJsonArray input aKey: CustomerData
[17/10/12 16:49:06.661][ INFO][com.util.Util                      -111  ] - getGJsonArray jsonElmt: [{"phone":"","contactid":"6b4afc08-beda-425d-ba63-3c6563bb9559","callnoticeList":"[]","id":"A123456789","ivr2":"","ivr1":""}]
[17/10/12 16:49:06.662][ INFO][com.client.ClientLoginRunnable     -65   ] - searchUserdataNew - contactID: 6b4afc08-beda-425d-ba63-3c6563bb9559
[17/10/12 16:49:06.710][ INFO][com.client.ClientLoginRunnable     -89   ] - entryLogResult result: {"callID":"2e3e9bac-f62a-42b9-97ba-fab103aea71b"}
[17/10/12 16:49:06.711][ INFO][com.client.ClientLoginRunnable     -93   ] - processRequest - getClickResponse entryLogResultJson: {"callID":"2e3e9bac-f62a-42b9-97ba-fab103aea71b"}
[17/10/12 16:52:30.859][ INFO][com.client.ClientLoginRunnable     -48   ] - searchUserdataNew urlStr: http://192.168.10.132:8080/Info360WebAPI/RESTful/searchUserdataNew
[17/10/12 16:52:31.045][ INFO][com.client.ClientLoginRunnable     -55   ] - searchUserdataNew result: {"mapping":{"Message":{}},"CustomerData":[{"phone":"","contactid":"6b4afc08-beda-425d-ba63-3c6563bb9559","callnoticeList":"[]","id":"A123456789","ivr2":"","ivr1":""}],"tenantID":"3","typeID":"2"}
[17/10/12 16:52:31.045][ INFO][com.util.Util                      -107  ] - getGJsonArray getGJsonArray
[17/10/12 16:52:31.046][ INFO][com.util.Util                      -108  ] - getGJsonArray input aObj: {"mapping":{"Message":{}},"CustomerData":[{"phone":"","contactid":"6b4afc08-beda-425d-ba63-3c6563bb9559","callnoticeList":"[]","id":"A123456789","ivr2":"","ivr1":""}],"tenantID":"3","typeID":"2"}
[17/10/12 16:52:31.046][ INFO][com.util.Util                      -109  ] - getGJsonArray input aKey: CustomerData
[17/10/12 16:52:31.046][ INFO][com.util.Util                      -111  ] - getGJsonArray jsonElmt: [{"phone":"","contactid":"6b4afc08-beda-425d-ba63-3c6563bb9559","callnoticeList":"[]","id":"A123456789","ivr2":"","ivr1":""}]
[17/10/12 16:52:31.047][ INFO][com.client.ClientLoginRunnable     -65   ] - searchUserdataNew - contactID: 6b4afc08-beda-425d-ba63-3c6563bb9559
[17/10/12 16:52:31.097][ INFO][com.client.ClientLoginRunnable     -89   ] - entryLogResult result: {"callID":"088cf2a8-7a0e-411e-9f91-baad00c8c7ea"}
[17/10/12 16:52:31.098][ INFO][com.client.ClientLoginRunnable     -93   ] - processRequest - getClickResponse entryLogResultJson: {"callID":"088cf2a8-7a0e-411e-9f91-baad00c8c7ea"}
[17/10/12 16:56:15.362][ INFO][com.client.ClientLoginRunnable     -48   ] - searchUserdataNew urlStr: http://192.168.10.132:8080/Info360WebAPI/RESTful/searchUserdataNew
[17/10/12 16:56:15.548][ INFO][com.client.ClientLoginRunnable     -55   ] - searchUserdataNew result: {"mapping":{"Message":{}},"CustomerData":[{"phone":"","contactid":"6b4afc08-beda-425d-ba63-3c6563bb9559","callnoticeList":"[]","id":"A123456789","ivr2":"","ivr1":""}],"tenantID":"3","typeID":"2"}
[17/10/12 16:56:15.549][ INFO][com.util.Util                      -107  ] - getGJsonArray getGJsonArray
[17/10/12 16:56:15.549][ INFO][com.util.Util                      -108  ] - getGJsonArray input aObj: {"mapping":{"Message":{}},"CustomerData":[{"phone":"","contactid":"6b4afc08-beda-425d-ba63-3c6563bb9559","callnoticeList":"[]","id":"A123456789","ivr2":"","ivr1":""}],"tenantID":"3","typeID":"2"}
[17/10/12 16:56:15.550][ INFO][com.util.Util                      -109  ] - getGJsonArray input aKey: CustomerData
[17/10/12 16:56:15.550][ INFO][com.util.Util                      -111  ] - getGJsonArray jsonElmt: [{"phone":"","contactid":"6b4afc08-beda-425d-ba63-3c6563bb9559","callnoticeList":"[]","id":"A123456789","ivr2":"","ivr1":""}]
[17/10/12 16:56:15.550][ INFO][com.client.ClientLoginRunnable     -65   ] - searchUserdataNew - contactID: 6b4afc08-beda-425d-ba63-3c6563bb9559
[17/10/12 16:56:15.597][ INFO][com.client.ClientLoginRunnable     -89   ] - entryLogResult result: {"callID":"57d4ee6c-674a-4015-a767-40f35726f3fd"}
[17/10/12 16:56:15.598][ INFO][com.client.ClientLoginRunnable     -93   ] - processRequest - getClickResponse entryLogResultJson: {"callID":"57d4ee6c-674a-4015-a767-40f35726f3fd"}
[17/10/12 16:59:50.936][ INFO][com.client.ClientLoginRunnable     -48   ] - searchUserdataNew urlStr: http://192.168.10.132:8080/Info360WebAPI/RESTful/searchUserdataNew
[17/10/12 16:59:51.111][ INFO][com.client.ClientLoginRunnable     -55   ] - searchUserdataNew result: {"mapping":{"Message":{}},"CustomerData":[{"phone":"","contactid":"6b4afc08-beda-425d-ba63-3c6563bb9559","callnoticeList":"[]","id":"A123456789","ivr2":"","ivr1":""}],"tenantID":"3","typeID":"2"}
[17/10/12 16:59:51.112][ INFO][com.util.Util                      -107  ] - getGJsonArray getGJsonArray
[17/10/12 16:59:51.112][ INFO][com.util.Util                      -108  ] - getGJsonArray input aObj: {"mapping":{"Message":{}},"CustomerData":[{"phone":"","contactid":"6b4afc08-beda-425d-ba63-3c6563bb9559","callnoticeList":"[]","id":"A123456789","ivr2":"","ivr1":""}],"tenantID":"3","typeID":"2"}
[17/10/12 16:59:51.112][ INFO][com.util.Util                      -109  ] - getGJsonArray input aKey: CustomerData
[17/10/12 16:59:51.112][ INFO][com.util.Util                      -111  ] - getGJsonArray jsonElmt: [{"phone":"","contactid":"6b4afc08-beda-425d-ba63-3c6563bb9559","callnoticeList":"[]","id":"A123456789","ivr2":"","ivr1":""}]
[17/10/12 16:59:51.113][ INFO][com.client.ClientLoginRunnable     -65   ] - searchUserdataNew - contactID: 6b4afc08-beda-425d-ba63-3c6563bb9559
[17/10/12 16:59:51.166][ INFO][com.client.ClientLoginRunnable     -89   ] - entryLogResult result: {"callID":"145f21fb-17fb-4d5e-99dd-03fa26e3df5f"}
[17/10/12 16:59:51.167][ INFO][com.client.ClientLoginRunnable     -93   ] - processRequest - getClickResponse entryLogResultJson: {"callID":"145f21fb-17fb-4d5e-99dd-03fa26e3df5f"}
[17/10/12 17:05:11.427][ INFO][com.client.ClientLoginRunnable     -48   ] - searchUserdataNew urlStr: http://192.168.10.132:8080/Info360WebAPI/RESTful/searchUserdataNew
[17/10/12 17:05:11.597][ INFO][com.client.ClientLoginRunnable     -55   ] - searchUserdataNew result: {"mapping":{"Message":{}},"CustomerData":[{"phone":"","contactid":"6b4afc08-beda-425d-ba63-3c6563bb9559","callnoticeList":"[]","id":"A123456789","ivr2":"","ivr1":""}],"tenantID":"3","typeID":"2"}
[17/10/12 17:05:11.597][ INFO][com.util.Util                      -107  ] - getGJsonArray getGJsonArray
[17/10/12 17:05:11.598][ INFO][com.util.Util                      -108  ] - getGJsonArray input aObj: {"mapping":{"Message":{}},"CustomerData":[{"phone":"","contactid":"6b4afc08-beda-425d-ba63-3c6563bb9559","callnoticeList":"[]","id":"A123456789","ivr2":"","ivr1":""}],"tenantID":"3","typeID":"2"}
[17/10/12 17:05:11.598][ INFO][com.util.Util                      -109  ] - getGJsonArray input aKey: CustomerData
[17/10/12 17:05:11.598][ INFO][com.util.Util                      -111  ] - getGJsonArray jsonElmt: [{"phone":"","contactid":"6b4afc08-beda-425d-ba63-3c6563bb9559","callnoticeList":"[]","id":"A123456789","ivr2":"","ivr1":""}]
[17/10/12 17:05:11.598][ INFO][com.client.ClientLoginRunnable     -65   ] - searchUserdataNew - contactID: 6b4afc08-beda-425d-ba63-3c6563bb9559
[17/10/12 17:05:11.646][ INFO][com.client.ClientLoginRunnable     -89   ] - entryLogResult result: {"callID":"6579c9d1-d292-4e7c-9541-9a8f9226ea52"}
[17/10/12 17:05:11.646][ INFO][com.client.ClientLoginRunnable     -93   ] - processRequest - getClickResponse entryLogResultJson: {"callID":"6579c9d1-d292-4e7c-9541-9a8f9226ea52"}
[17/10/12 17:07:26.694][ INFO][com.client.ClientLoginRunnable     -48   ] - searchUserdataNew urlStr: http://192.168.10.132:8080/Info360WebAPI/RESTful/searchUserdataNew
[17/10/12 17:07:26.850][ INFO][com.client.ClientLoginRunnable     -55   ] - searchUserdataNew result: {"mapping":{"Message":{}},"CustomerData":[{"phone":"","contactid":"6b4afc08-beda-425d-ba63-3c6563bb9559","callnoticeList":"[]","id":"A123456789","ivr2":"","ivr1":""}],"tenantID":"3","typeID":"2"}
[17/10/12 17:07:26.851][ INFO][com.util.Util                      -107  ] - getGJsonArray getGJsonArray
[17/10/12 17:07:26.851][ INFO][com.util.Util                      -108  ] - getGJsonArray input aObj: {"mapping":{"Message":{}},"CustomerData":[{"phone":"","contactid":"6b4afc08-beda-425d-ba63-3c6563bb9559","callnoticeList":"[]","id":"A123456789","ivr2":"","ivr1":""}],"tenantID":"3","typeID":"2"}
[17/10/12 17:07:26.851][ INFO][com.util.Util                      -109  ] - getGJsonArray input aKey: CustomerData
[17/10/12 17:07:26.851][ INFO][com.util.Util                      -111  ] - getGJsonArray jsonElmt: [{"phone":"","contactid":"6b4afc08-beda-425d-ba63-3c6563bb9559","callnoticeList":"[]","id":"A123456789","ivr2":"","ivr1":""}]
[17/10/12 17:07:26.852][ INFO][com.client.ClientLoginRunnable     -65   ] - searchUserdataNew - contactID: 6b4afc08-beda-425d-ba63-3c6563bb9559
[17/10/12 17:07:26.897][ INFO][com.client.ClientLoginRunnable     -89   ] - entryLogResult result: {"callID":"9ab7b788-3798-4bfe-9eef-2953cbe6ac97"}
[17/10/12 17:07:26.897][ INFO][com.client.ClientLoginRunnable     -93   ] - processRequest - getClickResponse entryLogResultJson: {"callID":"9ab7b788-3798-4bfe-9eef-2953cbe6ac97"}
[17/10/12 17:08:27.814][ INFO][com.client.ClientLoginRunnable     -48   ] - searchUserdataNew urlStr: http://192.168.10.132:8080/Info360WebAPI/RESTful/searchUserdataNew
[17/10/12 17:08:27.969][ INFO][com.client.ClientLoginRunnable     -55   ] - searchUserdataNew result: {"mapping":{"Message":{}},"CustomerData":[{"phone":"","contactid":"6b4afc08-beda-425d-ba63-3c6563bb9559","callnoticeList":"[]","id":"A123456789","ivr2":"","ivr1":""}],"tenantID":"3","typeID":"2"}
[17/10/12 17:08:27.969][ INFO][com.util.Util                      -107  ] - getGJsonArray getGJsonArray
[17/10/12 17:08:27.969][ INFO][com.util.Util                      -108  ] - getGJsonArray input aObj: {"mapping":{"Message":{}},"CustomerData":[{"phone":"","contactid":"6b4afc08-beda-425d-ba63-3c6563bb9559","callnoticeList":"[]","id":"A123456789","ivr2":"","ivr1":""}],"tenantID":"3","typeID":"2"}
[17/10/12 17:08:27.970][ INFO][com.util.Util                      -109  ] - getGJsonArray input aKey: CustomerData
[17/10/12 17:08:27.970][ INFO][com.util.Util                      -111  ] - getGJsonArray jsonElmt: [{"phone":"","contactid":"6b4afc08-beda-425d-ba63-3c6563bb9559","callnoticeList":"[]","id":"A123456789","ivr2":"","ivr1":""}]
[17/10/12 17:08:27.970][ INFO][com.client.ClientLoginRunnable     -65   ] - searchUserdataNew - contactID: 6b4afc08-beda-425d-ba63-3c6563bb9559
[17/10/12 17:08:28.021][ INFO][com.client.ClientLoginRunnable     -89   ] - entryLogResult result: {"callID":"7e55d211-217f-4783-ade4-7075797687a9"}
[17/10/12 17:08:28.021][ INFO][com.client.ClientLoginRunnable     -93   ] - processRequest - getClickResponse entryLogResultJson: {"callID":"7e55d211-217f-4783-ade4-7075797687a9"}
[17/10/12 17:10:51.714][ INFO][com.client.ClientLoginRunnable     -48   ] - searchUserdataNew urlStr: http://192.168.10.132:8080/Info360WebAPI/RESTful/searchUserdataNew
[17/10/12 17:10:51.906][ INFO][com.client.ClientLoginRunnable     -55   ] - searchUserdataNew result: {"mapping":{"Message":{}},"CustomerData":[{"phone":"","contactid":"6b4afc08-beda-425d-ba63-3c6563bb9559","callnoticeList":"[]","id":"A123456789","ivr2":"","ivr1":""}],"tenantID":"3","typeID":"2"}
[17/10/12 17:10:51.906][ INFO][com.util.Util                      -107  ] - getGJsonArray getGJsonArray
[17/10/12 17:10:51.906][ INFO][com.util.Util                      -108  ] - getGJsonArray input aObj: {"mapping":{"Message":{}},"CustomerData":[{"phone":"","contactid":"6b4afc08-beda-425d-ba63-3c6563bb9559","callnoticeList":"[]","id":"A123456789","ivr2":"","ivr1":""}],"tenantID":"3","typeID":"2"}
[17/10/12 17:10:51.907][ INFO][com.util.Util                      -109  ] - getGJsonArray input aKey: CustomerData
[17/10/12 17:10:51.907][ INFO][com.util.Util                      -111  ] - getGJsonArray jsonElmt: [{"phone":"","contactid":"6b4afc08-beda-425d-ba63-3c6563bb9559","callnoticeList":"[]","id":"A123456789","ivr2":"","ivr1":""}]
[17/10/12 17:10:51.907][ INFO][com.client.ClientLoginRunnable     -65   ] - searchUserdataNew - contactID: 6b4afc08-beda-425d-ba63-3c6563bb9559
[17/10/12 17:10:51.956][ INFO][com.client.ClientLoginRunnable     -89   ] - entryLogResult result: {"callID":"9c27e82b-3693-4feb-a26b-99b29e902275"}
[17/10/12 17:10:51.957][ INFO][com.client.ClientLoginRunnable     -93   ] - processRequest - getClickResponse entryLogResultJson: {"callID":"9c27e82b-3693-4feb-a26b-99b29e902275"}
[17/10/12 18:15:31.928][ INFO][com.util.Util                      -65   ] - Util() start
[17/10/12 18:15:31.928][ INFO][com.util.Util                      -68   ] - Util - ChannelForSimulation version: v1.0.0
[17/10/12 18:15:31.929][ INFO][com.util.Util                      -69   ] - Util() end
[17/10/12 18:15:33.753][ INFO][com.spring.RabbitListenerRegister  -40   ] - IN configureRabbitListeners ends
[17/10/12 18:15:33.773][ INFO][com.filter.ApplicationListenerBean -26   ] - ContextRefreshedEvent start ###################
[17/10/12 18:15:33.775][ INFO][com.filter.ApplicationListenerBean -34   ] - ContextRefreshedEvent end ###################
[17/10/12 18:15:33.786][ INFO][com.bean.GetEntityTypeAsListCallable-47   ] - getEntityTypeAsList starts
[17/10/12 18:15:33.794][ INFO][com.bean.GetEntityTypeAsListCallable-56   ] - getEntityTypeAsList urlStr: http://localhost:8080/Info360WebAPI/RESTful/getEntityTypeAsList
[17/10/12 18:15:38.466][ INFO][com.bean.GetEntityTypeAsListCallable-63   ] - getEntityTypeAsList result: [{"dbid":1,"entityTypeID":"1","entityTypeName":"voice","entityDescription":"語音"},{"dbid":2,"entityTypeID":"2","entityTypeName":"webchat","entityDescription":"Webchat"},{"dbid":3,"entityTypeID":"3","entityTypeName":"wechat","entityDescription":"WeChat"},{"dbid":4,"entityTypeID":"4","entityTypeName":"line","entityDescription":"Line"},{"dbid":5,"entityTypeID":"5","entityTypeName":"fb","entityDescription":"Facebook"},{"dbid":6,"entityTypeID":"6","entityTypeName":"email","entityDescription":"電子信箱"},{"dbid":7,"entityTypeID":"7","entityTypeName":"fax","entityDescription":"傳真"},{"dbid":8,"entityTypeID":"8","entityTypeName":"robot","entityDescription":"機器人"}]
[17/10/12 18:15:38.467][ INFO][com.bean.GetEntityTypeAsListCallable-65   ] - getEntityTypeAsList ends
[17/10/12 18:20:32.621][ INFO][com.agent.UpdateStatusReadyRunnable-27   ] - onApplicationEvent here01
[17/10/12 18:20:37.565][ INFO][com.agent.UpdateStatusNotReadyRunnable-27   ] - onApplicationEvent here01
[17/10/12 18:24:23.901][ INFO][com.filter.ApplicationListenerBean -39   ] - ContextClosedEvent start ###################
[17/10/12 18:24:23.902][ INFO][com.filter.ApplicationListenerBean -43   ] - contextDestroyed() called
[17/10/12 18:24:23.902][ INFO][com.filter.ApplicationListenerBean -50   ] - attempt to shutdown executor
[17/10/12 18:24:23.907][ INFO][com.filter.ApplicationListenerBean -62   ] - shutdown finished
[17/10/12 18:24:23.909][ INFO][com.filter.ApplicationListenerBean -67   ] - ContextClosedEvent end ###################
[17/10/12 18:24:27.895][ INFO][com.util.Util                      -65   ] - Util() start
[17/10/12 18:24:27.896][ INFO][com.util.Util                      -68   ] - Util - ChannelForSimulation version: v1.0.0
[17/10/12 18:24:27.896][ INFO][com.util.Util                      -69   ] - Util() end
[17/10/12 18:24:29.434][ INFO][com.spring.RabbitListenerRegister  -40   ] - IN configureRabbitListeners ends
[17/10/12 18:24:29.448][ INFO][com.filter.ApplicationListenerBean -26   ] - ContextRefreshedEvent start ###################
[17/10/12 18:24:29.450][ INFO][com.filter.ApplicationListenerBean -34   ] - ContextRefreshedEvent end ###################
[17/10/12 18:24:29.458][ INFO][com.bean.GetEntityTypeAsListCallable-47   ] - getEntityTypeAsList starts
[17/10/12 18:24:29.461][ INFO][com.bean.GetEntityTypeAsListCallable-56   ] - getEntityTypeAsList urlStr: http://localhost:8080/Info360WebAPI/RESTful/getEntityTypeAsList
[17/10/12 18:24:33.552][ INFO][com.bean.GetEntityTypeAsListCallable-63   ] - getEntityTypeAsList result: [{"dbid":1,"entityTypeID":"1","entityTypeName":"voice","entityDescription":"語音"},{"dbid":2,"entityTypeID":"2","entityTypeName":"webchat","entityDescription":"Webchat"},{"dbid":3,"entityTypeID":"3","entityTypeName":"wechat","entityDescription":"WeChat"},{"dbid":4,"entityTypeID":"4","entityTypeName":"line","entityDescription":"Line"},{"dbid":5,"entityTypeID":"5","entityTypeName":"fb","entityDescription":"Facebook"},{"dbid":6,"entityTypeID":"6","entityTypeName":"email","entityDescription":"電子信箱"},{"dbid":7,"entityTypeID":"7","entityTypeName":"fax","entityDescription":"傳真"},{"dbid":8,"entityTypeID":"8","entityTypeName":"robot","entityDescription":"機器人"}]
[17/10/12 18:24:33.552][ INFO][com.bean.GetEntityTypeAsListCallable-65   ] - getEntityTypeAsList ends
[17/10/12 18:31:23.338][ INFO][com.filter.ApplicationListenerBean -39   ] - ContextClosedEvent start ###################
[17/10/12 18:31:23.339][ INFO][com.filter.ApplicationListenerBean -43   ] - contextDestroyed() called
[17/10/12 18:31:23.339][ INFO][com.filter.ApplicationListenerBean -50   ] - attempt to shutdown executor
[17/10/12 18:31:23.344][ INFO][com.filter.ApplicationListenerBean -62   ] - shutdown finished
[17/10/12 18:31:23.347][ INFO][com.filter.ApplicationListenerBean -67   ] - ContextClosedEvent end ###################
[17/10/12 18:31:26.047][ INFO][com.util.Util                      -65   ] - Util() start
[17/10/12 18:31:26.047][ INFO][com.util.Util                      -68   ] - Util - ChannelForSimulation version: v1.0.0
[17/10/12 18:31:26.047][ INFO][com.util.Util                      -69   ] - Util() end
[17/10/12 18:31:26.557][ INFO][com.spring.RabbitListenerRegister  -40   ] - IN configureRabbitListeners ends
[17/10/12 18:31:26.561][ INFO][com.filter.ApplicationListenerBean -26   ] - ContextRefreshedEvent start ###################
[17/10/12 18:31:26.562][ INFO][com.filter.ApplicationListenerBean -34   ] - ContextRefreshedEvent end ###################
[17/10/12 18:31:26.563][ INFO][com.bean.GetEntityTypeAsListCallable-47   ] - getEntityTypeAsList starts
[17/10/12 18:31:26.568][ INFO][com.bean.GetEntityTypeAsListCallable-56   ] - getEntityTypeAsList urlStr: http://localhost:8080/Info360WebAPI/RESTful/getEntityTypeAsList
[17/10/12 18:31:31.300][ INFO][com.bean.GetEntityTypeAsListCallable-63   ] - getEntityTypeAsList result: [{"dbid":1,"entityTypeID":"1","entityTypeName":"voice","entityDescription":"語音"},{"dbid":2,"entityTypeID":"2","entityTypeName":"webchat","entityDescription":"Webchat"},{"dbid":3,"entityTypeID":"3","entityTypeName":"wechat","entityDescription":"WeChat"},{"dbid":4,"entityTypeID":"4","entityTypeName":"line","entityDescription":"Line"},{"dbid":5,"entityTypeID":"5","entityTypeName":"fb","entityDescription":"Facebook"},{"dbid":6,"entityTypeID":"6","entityTypeName":"email","entityDescription":"電子信箱"},{"dbid":7,"entityTypeID":"7","entityTypeName":"fax","entityDescription":"傳真"},{"dbid":8,"entityTypeID":"8","entityTypeName":"robot","entityDescription":"機器人"}]
[17/10/12 18:31:31.300][ INFO][com.bean.GetEntityTypeAsListCallable-65   ] - getEntityTypeAsList ends
[17/10/12 18:33:54.141][ INFO][com.agent.UpdateStatusReadyRunnable-27   ] - onApplicationEvent here01
[17/10/12 18:33:59.234][ INFO][com.agent.UpdateStatusNotReadyRunnable-27   ] - onApplicationEvent here01
[17/10/13 14:09:44.017][ INFO][com.util.Util                      -65   ] - Util() start
[17/10/13 14:09:44.020][ INFO][com.util.Util                      -68   ] - Util - ChannelForSimulation version: v1.0.0
[17/10/13 14:09:44.020][ INFO][com.util.Util                      -69   ] - Util() end
[17/10/13 14:09:48.174][ INFO][com.spring.RabbitListenerRegister  -40   ] - IN configureRabbitListeners ends
[17/10/13 14:09:48.332][ INFO][com.filter.ApplicationListenerBean -26   ] - ContextRefreshedEvent start ###################
[17/10/13 14:09:48.335][ INFO][com.filter.ApplicationListenerBean -34   ] - ContextRefreshedEvent end ###################
[17/10/13 14:09:48.371][ INFO][com.bean.GetEntityTypeAsListCallable-47   ] - getEntityTypeAsList starts
[17/10/13 14:09:48.394][ INFO][com.bean.GetEntityTypeAsListCallable-56   ] - getEntityTypeAsList urlStr: http://localhost:8080/Info360WebAPI/RESTful/getEntityTypeAsList
[17/10/13 14:09:48.761][ INFO][com.bean.GetEntityTypeAsListCallable-63   ] - getEntityTypeAsList result: [{"dbid":1,"entityTypeID":"1","entityTypeName":"voice","entityDescription":"語音"},{"dbid":2,"entityTypeID":"2","entityTypeName":"webchat","entityDescription":"Webchat"},{"dbid":3,"entityTypeID":"3","entityTypeName":"wechat","entityDescription":"WeChat"},{"dbid":4,"entityTypeID":"4","entityTypeName":"line","entityDescription":"Line"},{"dbid":5,"entityTypeID":"5","entityTypeName":"fb","entityDescription":"Facebook"},{"dbid":6,"entityTypeID":"6","entityTypeName":"email","entityDescription":"電子信箱"},{"dbid":7,"entityTypeID":"7","entityTypeName":"fax","entityDescription":"傳真"},{"dbid":8,"entityTypeID":"8","entityTypeName":"robot","entityDescription":"機器人"}]
[17/10/13 14:09:48.761][ INFO][com.bean.GetEntityTypeAsListCallable-65   ] - getEntityTypeAsList ends
[17/10/13 14:11:19.739][ INFO][com.agent.UpdateStatusReadyRunnable-27   ] - onApplicationEvent here01
[17/10/13 14:11:25.693][ INFO][com.agent.UpdateStatusNotReadyRunnable-27   ] - onApplicationEvent here01
[17/10/13 14:11:31.464][ INFO][com.agent.UpdateStatusReadyRunnable-27   ] - onApplicationEvent here01
[17/10/13 14:36:34.072][ INFO][com.filter.ApplicationListenerBean -39   ] - ContextClosedEvent start ###################
[17/10/13 14:36:34.073][ INFO][com.filter.ApplicationListenerBean -43   ] - contextDestroyed() called
[17/10/13 14:36:34.073][ INFO][com.filter.ApplicationListenerBean -50   ] - attempt to shutdown executor
[17/10/13 14:36:34.077][ INFO][com.filter.ApplicationListenerBean -62   ] - shutdown finished
[17/10/13 14:36:34.077][ INFO][com.filter.ApplicationListenerBean -67   ] - ContextClosedEvent end ###################
[17/10/13 14:36:39.445][ INFO][com.util.Util                      -65   ] - Util() start
[17/10/13 14:36:39.445][ INFO][com.util.Util                      -68   ] - Util - ChannelForSimulation version: v1.0.0
[17/10/13 14:36:39.446][ INFO][com.util.Util                      -69   ] - Util() end
[17/10/13 14:36:41.131][ INFO][com.spring.RabbitListenerRegister  -40   ] - IN configureRabbitListeners ends
[17/10/13 14:36:41.174][ INFO][com.filter.ApplicationListenerBean -26   ] - ContextRefreshedEvent start ###################
[17/10/13 14:36:41.175][ INFO][com.filter.ApplicationListenerBean -34   ] - ContextRefreshedEvent end ###################
[17/10/13 14:36:41.184][ INFO][com.bean.GetEntityTypeAsListCallable-47   ] - getEntityTypeAsList starts
[17/10/13 14:36:41.192][ INFO][com.bean.GetEntityTypeAsListCallable-56   ] - getEntityTypeAsList urlStr: http://localhost:8080/Info360WebAPI/RESTful/getEntityTypeAsList
[17/10/13 14:36:44.586][ INFO][com.bean.GetEntityTypeAsListCallable-63   ] - getEntityTypeAsList result: [{"dbid":1,"entityTypeID":"1","entityTypeName":"voice","entityDescription":"語音"},{"dbid":2,"entityTypeID":"2","entityTypeName":"webchat","entityDescription":"Webchat"},{"dbid":3,"entityTypeID":"3","entityTypeName":"wechat","entityDescription":"WeChat"},{"dbid":4,"entityTypeID":"4","entityTypeName":"line","entityDescription":"Line"},{"dbid":5,"entityTypeID":"5","entityTypeName":"fb","entityDescription":"Facebook"},{"dbid":6,"entityTypeID":"6","entityTypeName":"email","entityDescription":"電子信箱"},{"dbid":7,"entityTypeID":"7","entityTypeName":"fax","entityDescription":"傳真"},{"dbid":8,"entityTypeID":"8","entityTypeName":"robot","entityDescription":"機器人"}]
[17/10/13 14:36:44.587][ INFO][com.bean.GetEntityTypeAsListCallable-65   ] - getEntityTypeAsList ends
[17/10/13 14:36:46.282][ INFO][com.filter.ApplicationListenerBean -39   ] - ContextClosedEvent start ###################
[17/10/13 14:36:46.283][ INFO][com.filter.ApplicationListenerBean -43   ] - contextDestroyed() called
[17/10/13 14:36:46.283][ INFO][com.filter.ApplicationListenerBean -50   ] - attempt to shutdown executor
[17/10/13 14:36:46.287][ INFO][com.filter.ApplicationListenerBean -62   ] - shutdown finished
[17/10/13 14:36:46.288][ INFO][com.filter.ApplicationListenerBean -67   ] - ContextClosedEvent end ###################
[17/10/13 14:36:48.473][ INFO][com.util.Util                      -65   ] - Util() start
[17/10/13 14:36:48.474][ INFO][com.util.Util                      -68   ] - Util - ChannelForSimulation version: v1.0.0
[17/10/13 14:36:48.474][ INFO][com.util.Util                      -69   ] - Util() end
[17/10/13 14:36:49.076][ INFO][com.spring.RabbitListenerRegister  -40   ] - IN configureRabbitListeners ends
[17/10/13 14:36:49.081][ INFO][com.filter.ApplicationListenerBean -26   ] - ContextRefreshedEvent start ###################
[17/10/13 14:36:49.082][ INFO][com.bean.GetEntityTypeAsListCallable-47   ] - getEntityTypeAsList starts
[17/10/13 14:36:49.084][ INFO][com.filter.ApplicationListenerBean -34   ] - ContextRefreshedEvent end ###################
[17/10/13 14:36:49.101][ INFO][com.bean.GetEntityTypeAsListCallable-56   ] - getEntityTypeAsList urlStr: http://localhost:8080/Info360WebAPI/RESTful/getEntityTypeAsList
[17/10/13 14:36:49.331][ INFO][com.bean.GetEntityTypeAsListCallable-63   ] - getEntityTypeAsList result: [{"dbid":1,"entityTypeID":"1","entityTypeName":"voice","entityDescription":"語音"},{"dbid":2,"entityTypeID":"2","entityTypeName":"webchat","entityDescription":"Webchat"},{"dbid":3,"entityTypeID":"3","entityTypeName":"wechat","entityDescription":"WeChat"},{"dbid":4,"entityTypeID":"4","entityTypeName":"line","entityDescription":"Line"},{"dbid":5,"entityTypeID":"5","entityTypeName":"fb","entityDescription":"Facebook"},{"dbid":6,"entityTypeID":"6","entityTypeName":"email","entityDescription":"電子信箱"},{"dbid":7,"entityTypeID":"7","entityTypeName":"fax","entityDescription":"傳真"},{"dbid":8,"entityTypeID":"8","entityTypeName":"robot","entityDescription":"機器人"}]
[17/10/13 14:36:49.331][ INFO][com.bean.GetEntityTypeAsListCallable-65   ] - getEntityTypeAsList ends
[17/10/13 14:37:22.193][ INFO][com.filter.ApplicationListenerBean -39   ] - ContextClosedEvent start ###################
[17/10/13 14:37:22.193][ INFO][com.filter.ApplicationListenerBean -43   ] - contextDestroyed() called
[17/10/13 14:37:22.193][ INFO][com.filter.ApplicationListenerBean -50   ] - attempt to shutdown executor
[17/10/13 14:37:22.194][ INFO][com.filter.ApplicationListenerBean -62   ] - shutdown finished
[17/10/13 14:37:22.195][ INFO][com.filter.ApplicationListenerBean -67   ] - ContextClosedEvent end ###################
[17/10/13 14:37:24.308][ INFO][com.util.Util                      -65   ] - Util() start
[17/10/13 14:37:24.309][ INFO][com.util.Util                      -68   ] - Util - ChannelForSimulation version: v1.0.0
[17/10/13 14:37:24.309][ INFO][com.util.Util                      -69   ] - Util() end
[17/10/13 14:37:24.973][ INFO][com.spring.RabbitListenerRegister  -40   ] - IN configureRabbitListeners ends
[17/10/13 14:37:24.979][ INFO][com.filter.ApplicationListenerBean -26   ] - ContextRefreshedEvent start ###################
[17/10/13 14:37:24.980][ INFO][com.filter.ApplicationListenerBean -34   ] - ContextRefreshedEvent end ###################
[17/10/13 14:37:24.991][ INFO][com.bean.GetEntityTypeAsListCallable-47   ] - getEntityTypeAsList starts
[17/10/13 14:37:24.992][ INFO][com.bean.GetEntityTypeAsListCallable-56   ] - getEntityTypeAsList urlStr: http://localhost:8080/Info360WebAPI/RESTful/getEntityTypeAsList
[17/10/13 14:37:25.114][ INFO][com.bean.GetEntityTypeAsListCallable-63   ] - getEntityTypeAsList result: [{"dbid":1,"entityTypeID":"1","entityTypeName":"voice","entityDescription":"語音"},{"dbid":2,"entityTypeID":"2","entityTypeName":"webchat","entityDescription":"Webchat"},{"dbid":3,"entityTypeID":"3","entityTypeName":"wechat","entityDescription":"WeChat"},{"dbid":4,"entityTypeID":"4","entityTypeName":"line","entityDescription":"Line"},{"dbid":5,"entityTypeID":"5","entityTypeName":"fb","entityDescription":"Facebook"},{"dbid":6,"entityTypeID":"6","entityTypeName":"email","entityDescription":"電子信箱"},{"dbid":7,"entityTypeID":"7","entityTypeName":"fax","entityDescription":"傳真"},{"dbid":8,"entityTypeID":"8","entityTypeName":"robot","entityDescription":"機器人"}]
[17/10/13 14:37:25.114][ INFO][com.bean.GetEntityTypeAsListCallable-65   ] - getEntityTypeAsList ends
[17/10/13 14:39:06.346][ INFO][com.filter.ApplicationListenerBean -39   ] - ContextClosedEvent start ###################
[17/10/13 14:39:06.346][ INFO][com.filter.ApplicationListenerBean -43   ] - contextDestroyed() called
[17/10/13 14:39:06.346][ INFO][com.filter.ApplicationListenerBean -50   ] - attempt to shutdown executor
[17/10/13 14:39:06.348][ INFO][com.filter.ApplicationListenerBean -62   ] - shutdown finished
[17/10/13 14:39:06.349][ INFO][com.filter.ApplicationListenerBean -67   ] - ContextClosedEvent end ###################
[17/10/13 14:39:08.343][ INFO][com.util.Util                      -65   ] - Util() start
[17/10/13 14:39:08.344][ INFO][com.util.Util                      -68   ] - Util - ChannelForSimulation version: v1.0.0
[17/10/13 14:39:08.344][ INFO][com.util.Util                      -69   ] - Util() end
[17/10/13 14:39:08.795][ INFO][com.spring.RabbitListenerRegister  -40   ] - IN configureRabbitListeners ends
[17/10/13 14:39:08.799][ INFO][com.filter.ApplicationListenerBean -26   ] - ContextRefreshedEvent start ###################
[17/10/13 14:39:08.800][ INFO][com.filter.ApplicationListenerBean -34   ] - ContextRefreshedEvent end ###################
[17/10/13 14:39:08.801][ INFO][com.bean.GetEntityTypeAsListCallable-47   ] - getEntityTypeAsList starts
[17/10/13 14:39:08.801][ INFO][com.bean.GetEntityTypeAsListCallable-56   ] - getEntityTypeAsList urlStr: http://localhost:8080/Info360WebAPI/RESTful/getEntityTypeAsList
[17/10/13 14:39:12.926][ INFO][com.bean.GetEntityTypeAsListCallable-63   ] - getEntityTypeAsList result: [{"dbid":1,"entityTypeID":"1","entityTypeName":"voice","entityDescription":"語音"},{"dbid":2,"entityTypeID":"2","entityTypeName":"webchat","entityDescription":"Webchat"},{"dbid":3,"entityTypeID":"3","entityTypeName":"wechat","entityDescription":"WeChat"},{"dbid":4,"entityTypeID":"4","entityTypeName":"line","entityDescription":"Line"},{"dbid":5,"entityTypeID":"5","entityTypeName":"fb","entityDescription":"Facebook"},{"dbid":6,"entityTypeID":"6","entityTypeName":"email","entityDescription":"電子信箱"},{"dbid":7,"entityTypeID":"7","entityTypeName":"fax","entityDescription":"傳真"},{"dbid":8,"entityTypeID":"8","entityTypeName":"robot","entityDescription":"機器人"}]
[17/10/13 14:39:12.926][ INFO][com.bean.GetEntityTypeAsListCallable-65   ] - getEntityTypeAsList ends
[17/10/13 15:31:07.112][ INFO][com.util.Util                      -65   ] - Util() start
[17/10/13 15:31:07.114][ INFO][com.util.Util                      -68   ] - Util - ChannelForSimulation version: v1.0.0
[17/10/13 15:31:07.115][ INFO][com.util.Util                      -69   ] - Util() end
[17/10/13 15:31:09.919][ INFO][com.spring.RabbitListenerRegister  -40   ] - IN configureRabbitListeners ends
[17/10/13 15:31:09.953][ INFO][com.filter.ApplicationListenerBean -26   ] - ContextRefreshedEvent start ###################
[17/10/13 15:31:09.955][ INFO][com.filter.ApplicationListenerBean -34   ] - ContextRefreshedEvent end ###################
[17/10/13 15:31:09.959][ INFO][com.bean.GetEntityTypeAsListCallable-47   ] - getEntityTypeAsList starts
[17/10/13 15:31:09.961][ INFO][com.bean.GetEntityTypeAsListCallable-56   ] - getEntityTypeAsList urlStr: http://localhost:8080/Info360WebAPI/RESTful/getEntityTypeAsList
[17/10/13 15:31:10.356][ INFO][com.bean.GetEntityTypeAsListCallable-63   ] - getEntityTypeAsList result: [{"dbid":1,"entityTypeID":"1","entityTypeName":"voice","entityDescription":"語音"},{"dbid":2,"entityTypeID":"2","entityTypeName":"webchat","entityDescription":"Webchat"},{"dbid":3,"entityTypeID":"3","entityTypeName":"wechat","entityDescription":"WeChat"},{"dbid":4,"entityTypeID":"4","entityTypeName":"line","entityDescription":"Line"},{"dbid":5,"entityTypeID":"5","entityTypeName":"fb","entityDescription":"Facebook"},{"dbid":6,"entityTypeID":"6","entityTypeName":"email","entityDescription":"電子信箱"},{"dbid":7,"entityTypeID":"7","entityTypeName":"fax","entityDescription":"傳真"},{"dbid":8,"entityTypeID":"8","entityTypeName":"robot","entityDescription":"機器人"}]
[17/10/13 15:31:10.356][ INFO][com.bean.GetEntityTypeAsListCallable-65   ] - getEntityTypeAsList ends
